<?xml version="1.0" encoding="UTF-8"?>
<!-- Generated by org.testng.reporters.JUnitReportReporter -->
<testsuite hostname="Pranalis-MacBook-Pro.local" failures="0" tests="2" name="com.sfdc.qa.testcases.homePageTest" time="24.741" errors="0" timestamp="25 Aug 2019 18:56:16 GMT" skipped="1">
  <testcase classname="com.sfdc.qa.testcases.homePageTest" name="clickuserLabelTest" time="24.741"/>
  <testcase classname="com.sfdc.qa.testcases.homePageTest" name="homePageTitleValidationTest">
    <skipped/>
  </testcase> <!-- homePageTitleValidationTest -->
</testsuite> <!-- com.sfdc.qa.testcases.homePageTest -->
