<?xml version="1.0" encoding="UTF-8"?>
<!-- Generated by org.testng.reporters.JUnitReportReporter -->
<testsuite hostname="Pranalis-MacBook-Pro.local" failures="0" tests="1" name="com.sfdc.qa.testcases.resetPasswordPageTest" time="15.381" errors="0" timestamp="25 Aug 2019 18:56:16 GMT" skipped="0">
  <testcase classname="com.sfdc.qa.testcases.resetPasswordPageTest" name="enterUsernameAndContinueTest" time="15.381"/>
</testsuite> <!-- com.sfdc.qa.testcases.resetPasswordPageTest -->
