<?xml version="1.0" encoding="UTF-8"?>
<!-- Generated by org.testng.reporters.JUnitReportReporter -->
<testsuite hostname="Pranalis-MacBook-Pro.local" failures="0" tests="7" name="com.sfdc.qa.testcases.loginPageTest" time="88.349" errors="0" timestamp="25 Aug 2019 18:56:16 GMT" skipped="0">
  <testcase classname="com.sfdc.qa.testcases.loginPageTest" name="loginvalidateTitleTest" time="4.115"/>
  <testcase classname="com.sfdc.qa.testcases.loginPageTest" name="loginTest" time="11.209"/>
  <testcase classname="com.sfdc.qa.testcases.loginPageTest" name="remeberMeWithUNnPWDTest" time="20.052"/>
  <testcase classname="com.sfdc.qa.testcases.loginPageTest" name="loginwithinvalidUnTest" time="12.807"/>
  <testcase classname="com.sfdc.qa.testcases.loginPageTest" name="loginInvalidUsernameAndPasswordTest" time="13.232"/>
  <testcase classname="com.sfdc.qa.testcases.loginPageTest" name="loginInvalidUsernameAndPasswordTest" time="14.002"/>
  <testcase classname="com.sfdc.qa.testcases.loginPageTest" name="loginInvalidUsernameAndPasswordTest" time="12.932"/>
</testsuite> <!-- com.sfdc.qa.testcases.loginPageTest -->
